<?xml version="1.0" encoding="UTF-8"?>
<testsuite name="TestProject with Cucumber Framework" tests="1" skipped="0" failures="0" errors="0" timestamp="2021-02-05T13:45:09" hostname="DESKTOP-IRHPM6A" time="18.92">
  <properties/>
  <testcase name="Run a Simple BDD test with TestProject" classname="TestProject with Cucumber Framework" time="18.92"/>
  <system-out><![CDATA[]]></system-out>
  <system-err><![CDATA[[Test worker] INFO io.testproject.sdk.internal.rest.AgentClient - Initializing new session...
[Test worker] INFO io.testproject.sdk.internal.rest.AgentClient - Session [9f6b9dcc53fa8563a88303f56e22d1b9] initialized
[Forwarding quit on session 9f6b9dcc53fa8563a88303f56e22d1b9 to remote] INFO io.testproject.sdk.internal.rest.AgentClient - Session [9f6b9dcc53fa8563a88303f56e22d1b9] closed
]]></system-err>
</testsuite>
